[ReFrame Setup]
  version:           4.0.0-dev.2+5ea6b7a6
  command:           './bin/reframe -c tutorials/basics/hellomp/hellomp2.py -r'
  launched by:       user@host
  working directory: '/home/user/Repositories/reframe'
  settings files:    '<builtin>', '/home/user/Repositories/reframe/tutorials/config/tresa.py'
  check search path: '/home/user/Repositories/reframe/tutorials/basics/hellomp/hellomp2.py'
  stage directory:   '/home/user/Repositories/reframe/stage'
  output directory:  '/home/user/Repositories/reframe/output'
  log files:         '/var/folders/h7/k7cgrdl13r996m4dmsvjq7v80000gp/T/rfm-a2tt4eqp.log'

[==========] Running 1 check(s)
[==========] Started on Sat Nov 12 19:00:50 2022 

[----------] start processing checks
[ RUN      ] HelloThreadedExtendedTest /4733a67d @tresa:default+gnu
[ RUN      ] HelloThreadedExtendedTest /4733a67d @tresa:default+clang
[     FAIL ] (1/2) HelloThreadedExtendedTest /4733a67d @tresa:default+gnu
==> test failed during 'sanity': test staged in '/home/user/Repositories/reframe/stage/tresa/default/gnu/HelloThreadedExtendedTest'
[     FAIL ] (2/2) HelloThreadedExtendedTest /4733a67d @tresa:default+clang
==> test failed during 'sanity': test staged in '/home/user/Repositories/reframe/stage/tresa/default/clang/HelloThreadedExtendedTest'
[----------] all spawned checks have finished

[  FAILED  ] Ran 2/2 test case(s) from 1 check(s) (2 failure(s), 0 skipped)
[==========] Finished on Sat Nov 12 19:00:52 2022 

================================================================================
SUMMARY OF FAILURES
--------------------------------------------------------------------------------
FAILURE INFO for HelloThreadedExtendedTest 
  * Expanded name: HelloThreadedExtendedTest
  * Description: 
  * System partition: tresa:default
  * Environment: gnu
  * Stage directory: /home/user/Repositories/reframe/stage/tresa/default/gnu/HelloThreadedExtendedTest
  * Node list: hostNone
  * Job type: local (id=59525)
  * Dependencies (conceptual): []
  * Dependencies (actual): []
  * Maintainers: []
  * Failing phase: sanity
  * Rerun with '-n /4733a67d -p gnu --system tresa:default -r'
  * Reason: sanity error: 13 != 16
--------------------------------------------------------------------------------
FAILURE INFO for HelloThreadedExtendedTest 
  * Expanded name: HelloThreadedExtendedTest
  * Description: 
  * System partition: tresa:default
  * Environment: clang
  * Stage directory: /home/user/Repositories/reframe/stage/tresa/default/clang/HelloThreadedExtendedTest
  * Node list: hostNone
  * Job type: local (id=59528)
  * Dependencies (conceptual): []
  * Dependencies (actual): []
  * Maintainers: []
  * Failing phase: sanity
  * Rerun with '-n /4733a67d -p clang --system tresa:default -r'
  * Reason: sanity error: 11 != 16
--------------------------------------------------------------------------------
Run report saved in '/home/user/.reframe/reports/run-report-323.json'
Log file(s) saved in '/var/folders/h7/k7cgrdl13r996m4dmsvjq7v80000gp/T/rfm-a2tt4eqp.log'
